Flow report for problema1
Tue Sep  3 11:43:37 2019
Quartus Prime Version 16.1.0 Build 196 10/24/2016 SJ Lite Edition


---------------------
; Table of Contents ;
---------------------
  1. Legal Notice
  2. Flow Summary
  3. Flow Settings
  4. Flow Non-Default Global Settings
  5. Flow Elapsed Time
  6. Flow OS Summary
  7. Flow Log
  8. Flow Messages
  9. Flow Suppressed Messages



----------------
; Legal Notice ;
----------------
Copyright (C) 2016  Intel Corporation. All rights reserved.
Your use of Intel Corporation's design tools, logic functions 
and other software and tools, and its AMPP partner logic 
functions, and any output files from any of the foregoing 
(including device programming or simulation files), and any 
associated documentation or information are expressly subject 
to the terms and conditions of the Intel Program License 
Subscription Agreement, the Intel Quartus Prime License Agreement,
the Intel MegaCore Function License Agreement, or other 
applicable license agreement, including, without limitation, 
that your use is for the sole purpose of programming logic 
devices manufactured by Intel and sold by Intel or its 
authorized distributors.  Please refer to the applicable 
agreement for further details.



+----------------------------------------------------------------------------------+
; Flow Summary                                                                     ;
+------------------------------------+---------------------------------------------+
; Flow Status                        ; Successful - Tue Sep  3 11:43:37 2019       ;
; Quartus Prime Version              ; 16.1.0 Build 196 10/24/2016 SJ Lite Edition ;
; Revision Name                      ; problema1                                   ;
; Top-level Entity Name              ; problema1                                   ;
; Family                             ; Cyclone IV E                                ;
; Device                             ; EP4CE6E22C8                                 ;
; Timing Models                      ; Final                                       ;
; Total logic elements               ; 1,928 / 6,272 ( 31 % )                      ;
;     Total combinational functions  ; 1,773 / 6,272 ( 28 % )                      ;
;     Dedicated logic registers      ; 1,034 / 6,272 ( 16 % )                      ;
; Total registers                    ; 1034                                        ;
; Total pins                         ; 21 / 92 ( 23 % )                            ;
; Total virtual pins                 ; 0                                           ;
; Total memory bits                  ; 76,800 / 276,480 ( 28 % )                   ;
; Embedded Multiplier 9-bit elements ; 0 / 30 ( 0 % )                              ;
; Total PLLs                         ; 0 / 2 ( 0 % )                               ;
+------------------------------------+---------------------------------------------+


+-----------------------------------------+
; Flow Settings                           ;
+-------------------+---------------------+
; Option            ; Setting             ;
+-------------------+---------------------+
; Start date & time ; 09/03/2019 11:38:59 ;
; Main task         ; Compilation         ;
; Revision Name     ; problema1           ;
+-------------------+---------------------+


+-----------------------------------------------------------------------------------------------------------------------------------------+
; Flow Non-Default Global Settings                                                                                                        ;
+-------------------------------------+--------------------------------------------------------+---------------+-------------+------------+
; Assignment Name                     ; Value                                                  ; Default Value ; Entity Name ; Section Id ;
+-------------------------------------+--------------------------------------------------------+---------------+-------------+------------+
; COMPILER_SIGNATURE_ID               ; 264018887361815.156752153904862                        ; --            ; --          ; --         ;
; MAX_CORE_JUNCTION_TEMP              ; 85                                                     ; --            ; --          ; --         ;
; MIN_CORE_JUNCTION_TEMP              ; 0                                                      ; --            ; --          ; --         ;
; MISC_FILE                           ; arqt/synthesis/../arqt.cmp                             ; --            ; --          ; --         ;
; MISC_FILE                           ; arqt/synthesis/../../arqt.qsys                         ; --            ; --          ; --         ;
; OUTPUT_IO_TIMING_FAR_END_VMEAS      ; Half Signal Swing                                      ; --            ; --          ; --         ;
; OUTPUT_IO_TIMING_FAR_END_VMEAS      ; Half Signal Swing                                      ; --            ; --          ; --         ;
; OUTPUT_IO_TIMING_NEAR_END_VMEAS     ; Half Vccio                                             ; --            ; --          ; --         ;
; OUTPUT_IO_TIMING_NEAR_END_VMEAS     ; Half Vccio                                             ; --            ; --          ; --         ;
; PARTITION_COLOR                     ; -- (Not supported for targeted family)                 ; --            ; --          ; Top        ;
; PARTITION_FITTER_PRESERVATION_LEVEL ; -- (Not supported for targeted family)                 ; --            ; --          ; Top        ;
; PARTITION_NETLIST_TYPE              ; -- (Not supported for targeted family)                 ; --            ; --          ; Top        ;
; POWER_BOARD_THERMAL_MODEL           ; None (CONSERVATIVE)                                    ; --            ; --          ; --         ;
; POWER_PRESET_COOLING_SOLUTION       ; 23 MM HEAT SINK WITH 200 LFPM AIRFLOW                  ; --            ; --          ; --         ;
; SLD_FILE                            ; arqt/synthesis/arqt.regmap                             ; --            ; --          ; --         ;
; SLD_FILE                            ; arqt/synthesis/arqt.debuginfo                          ; --            ; --          ; --         ;
; SLD_INFO                            ; QSYS_NAME arqt HAS_SOPCINFO 1 GENERATION_ID 1567518826 ; --            ; arqt        ; --         ;
; SOPCINFO_FILE                       ; arqt/synthesis/../../arqt.sopcinfo                     ; --            ; --          ; --         ;
; SYNTHESIS_ONLY_QIP                  ; On                                                     ; --            ; --          ; --         ;
+-------------------------------------+--------------------------------------------------------+---------------+-------------+------------+


+-------------------------------------------------------------------------------------------------------------------------------+
; Flow Elapsed Time                                                                                                             ;
+---------------------------+--------------+-------------------------+---------------------+------------------------------------+
; Module Name               ; Elapsed Time ; Average Processors Used ; Peak Virtual Memory ; Total CPU Time (on all processors) ;
+---------------------------+--------------+-------------------------+---------------------+------------------------------------+
; Analysis & Synthesis      ; 00:00:40     ; 1.0                     ; 1082 MB             ; 00:01:19                           ;
; Fitter                    ; 00:00:09     ; 1.1                     ; 1183 MB             ; 00:00:11                           ;
; Assembler                 ; 00:00:02     ; 1.0                     ; 823 MB              ; 00:00:01                           ;
; TimeQuest Timing Analyzer ; 00:00:03     ; 1.1                     ; 832 MB              ; 00:00:03                           ;
; MIF/HEX Update            ; 00:00:01     ; 1.0                     ; 1158 MB             ; 00:00:01                           ;
; MIF/HEX Update            ; 00:00:00     ; 1.0                     ; 1154 MB             ; 00:00:01                           ;
; Total                     ; 00:00:55     ; --                      ; --                  ; 00:01:36                           ;
+---------------------------+--------------+-------------------------+---------------------+------------------------------------+


+---------------------------------------------------------------------------------------------+
; Flow OS Summary                                                                             ;
+---------------------------+------------------+----------------+------------+----------------+
; Module Name               ; Machine Hostname ; OS Name        ; OS Version ; Processor type ;
+---------------------------+------------------+----------------+------------+----------------+
; Analysis & Synthesis      ; lablenda01       ; Ubuntu 18.04.3 ; 18         ; x86_64         ;
; Fitter                    ; lablenda01       ; Ubuntu 18.04.3 ; 18         ; x86_64         ;
; Assembler                 ; lablenda01       ; Ubuntu 18.04.3 ; 18         ; x86_64         ;
; TimeQuest Timing Analyzer ; lablenda01       ; Ubuntu 18.04.3 ; 18         ; x86_64         ;
; MIF/HEX Update            ; lablenda01       ; Ubuntu 18.04.3 ; 18         ; x86_64         ;
; MIF/HEX Update            ; lablenda01       ; Ubuntu 18.04.3 ; 18         ; x86_64         ;
+---------------------------+------------------+----------------+------------+----------------+


------------
; Flow Log ;
------------
quartus_map --read_settings_files=on --write_settings_files=off Problema1 -c problema1
quartus_fit --read_settings_files=off --write_settings_files=off Problema1 -c problema1
quartus_asm --read_settings_files=off --write_settings_files=off Problema1 -c problema1
quartus_sta Problema1 -c problema1
quartus_cdb Problema1 -c problema1 --update_mif
quartus_cdb Problema1 -c problema1 --update_mif



